#
# There is insufficient memory for the Java Runtime Environment to continue.
# Native memory allocation (mmap) failed to map 7516192768 bytes for G1 virtual space
# Possible reasons:
#   The system is out of physical RAM or swap space
#   The process is running with CompressedOops enabled, and the Java Heap may be blocking the growth of the native heap
# Possible solutions:
#   Reduce memory load on the system
#   Increase physical memory or swap space
#   Check if swap backing store is full
#   Decrease Java heap size (-Xmx/-Xms)
#   Decrease number of Java threads
#   Decrease Java thread stack sizes (-Xss)
#   Set larger code cache with -XX:ReservedCodeCacheSize=
#   JVM is running with Zero Based Compressed Oops mode in which the Java heap is
#     placed in the first 32GB address space. The Java Heap base address is the
#     maximum limit for the native heap growth. Please use -XX:HeapBaseMinAddress
#     to set the Java Heap base and to place the Java Heap above 32GB virtual address.
# This output file may be truncated or incomplete.
#
#  Out of Memory Error (./open/src/hotspot/os/windows/os_windows.cpp:3321), pid=5508, tid=776
#
# JRE version:  (15.0.2+7) (build )
# Java VM: OpenJDK 64-Bit Server VM (15.0.2+7-27, mixed mode, sharing, tiered, compressed oops, g1 gc, windows-amd64)
# No core dump will be written. Minidumps are not enabled by default on client versions of Windows
#

---------------  S U M M A R Y ------------

Command Line: -Xmx7g -Xms7g -Dfile.encoding=Cp1252 -XX:+ShowCodeDetailsInExceptionMessages peersim.Simulator example\PGC.cfg

Host: Intel(R) Core(TM) i7-4500U CPU @ 1.80GHz, 4 cores, 7G,  Windows 10 , 64 bit Build 19041 (10.0.19041.1023)
Time: Tue Jul 20 23:10:51 2021 Hora oficial do Brasil elapsed time: 1.386584 seconds (0d 0h 0m 1s)

---------------  T H R E A D  ---------------

Current thread (0x0000025bffc3fc80):  JavaThread "Unknown thread" [_thread_in_vm, id=776, stack(0x000000619e900000,0x000000619ea00000)]

Stack: [0x000000619e900000,0x000000619ea00000]
Native frames: (J=compiled Java code, j=interpreted, Vv=VM code, C=native code)
V  [jvm.dll+0x62ae9a]
V  [jvm.dll+0x7817a9]
V  [jvm.dll+0x782f03]
V  [jvm.dll+0x783563]
V  [jvm.dll+0x216325]
V  [jvm.dll+0x6281d9]
V  [jvm.dll+0x61cf55]
V  [jvm.dll+0x2cffdd]
V  [jvm.dll+0x2cfe42]
V  [jvm.dll+0x2d5e1c]
V  [jvm.dll+0x32590a]
V  [jvm.dll+0x324fd4]
V  [jvm.dll+0x2a6f5a]
V  [jvm.dll+0x2a80f8]
V  [jvm.dll+0x75e241]
V  [jvm.dll+0x3341c4]
V  [jvm.dll+0x73e926]
V  [jvm.dll+0x3b7557]
V  [jvm.dll+0x3b8fe1]
C  [jli.dll+0x52fb]
C  [ucrtbase.dll+0x21bb2]
C  [KERNEL32.DLL+0x17034]
C  [ntdll.dll+0x52651]


---------------  P R O C E S S  ---------------

Threads class SMR info:
_java_thread_list=0x00007ffd164b4ff0, length=0, elements={
}

Java Threads: ( => current thread )

Other Threads:
  0x0000025bffca99c0 GCTaskThread "GC Thread#0" [stack: 0x000000619ea00000,0x000000619eb00000] [id=6516]
  0x0000025bffcbb3d0 ConcurrentGCThread "G1 Main Marker" [stack: 0x000000619eb00000,0x000000619ec00000] [id=1760]
  0x0000025bffcbbfc0 ConcurrentGCThread "G1 Conc#0" [stack: 0x000000619ec00000,0x000000619ed00000] [id=1348]

[error occurred during error reporting (printing all threads), id 0xc0000005, EXCEPTION_ACCESS_VIOLATION (0xc0000005) at pc=0x00007ffd15ca7e27]

VM state: not at safepoint (not fully initialized)

VM Mutex/Monitor currently owned by a thread:  ([mutex/lock_event])
[0x0000025bffc3abc0] Heap_lock - owner thread: 0x0000025bffc3fc80

Heap address: 0x0000000640000000, size: 7168 MB, Compressed Oops mode: Zero based, Oop shift amount: 3
CDS archive(s) mapped at: [0x0000000000000000-0x0000000000000000-0x0000000000000000), size 0, SharedBaseAddress: 0x0000000800000000, ArchiveRelocationMode: 0.
Narrow klass base: 0x0000000000000000, Narrow klass shift: 0, Narrow klass range: 0x0

Heap:
 garbage-first heap   total 7340032K, used 0K [0x0000000640000000, 0x0000000800000000)
  region size 4096K, 0 young (0K), 0 survivors (0K)
 Metaspace       used 0K, capacity 0K, committed 0K, reserved 0K
  class space    used 0K, capacity 0K, committed 0K, reserved 0K

Heap Regions: E=young(eden), S=young(survivor), O=old, HS=humongous(starts), HC=humongous(continues), CS=collection set, F=free, OA=open archive, CA=closed archive, TAMS=top-at-mark-start (previous, next)

Card table byte_map: [0x0000025b94b50000,0x0000025b95950000] _byte_map_base: 0x0000025b91950000

Marking Bits (Prev, Next): (CMBitMap*) 0x0000025bffcab240, (CMBitMap*) 0x0000025bffcab280
 Prev Bits: [0x0000025b96750000, 0x0000025b9d750000)
 Next Bits: [0x0000025b9d750000, 0x0000025ba4750000)

GC Heap History (0 events):
No events

Deoptimization events (0 events):
No events

Classes unloaded (0 events):
No events

Classes redefined (0 events):
No events

Internal exceptions (0 events):
No events

Events (1 events):
Event: 0.007 Loaded shared library C:\Users\danie\.p2\pool\plugins\org.eclipse.justj.openjdk.hotspot.jre.full.win32.x86_64_15.0.2.v20210201-0955\jre\bin\java.dll


Dynamic libraries:
0x00007ff727250000 - 0x00007ff72725d000 	C:\Users\danie\.p2\pool\plugins\org.eclipse.justj.openjdk.hotspot.jre.full.win32.x86_64_15.0.2.v20210201-0955\jre\bin\javaw.exe
0x00007ffd43710000 - 0x00007ffd43905000 	C:\WINDOWS\SYSTEM32\ntdll.dll
0x00007ffd419d0000 - 0x00007ffd41a8d000 	C:\WINDOWS\System32\KERNEL32.DLL
0x00007ffd410f0000 - 0x00007ffd413b9000 	C:\WINDOWS\System32\KERNELBASE.dll
0x00007ffd41450000 - 0x00007ffd41550000 	C:\WINDOWS\System32\ucrtbase.dll
0x00007ffd3a5e0000 - 0x00007ffd3a5f8000 	C:\Users\danie\.p2\pool\plugins\org.eclipse.justj.openjdk.hotspot.jre.full.win32.x86_64_15.0.2.v20210201-0955\jre\bin\jli.dll
0x00007ffd41d60000 - 0x00007ffd41f00000 	C:\WINDOWS\System32\USER32.dll
0x00007ffd41420000 - 0x00007ffd41442000 	C:\WINDOWS\System32\win32u.dll
0x00007ffd41940000 - 0x00007ffd4196a000 	C:\WINDOWS\System32\GDI32.dll
0x00007ffd415d0000 - 0x00007ffd416db000 	C:\WINDOWS\System32\gdi32full.dll
0x00007ffd416e0000 - 0x00007ffd4177d000 	C:\WINDOWS\System32\msvcp_win.dll
0x00007ffd3a5c0000 - 0x00007ffd3a5d9000 	C:\Users\danie\.p2\pool\plugins\org.eclipse.justj.openjdk.hotspot.jre.full.win32.x86_64_15.0.2.v20210201-0955\jre\bin\VCRUNTIME140.dll
0x00007ffd328d0000 - 0x00007ffd32b6a000 	C:\WINDOWS\WinSxS\amd64_microsoft.windows.common-controls_6595b64144ccf1df_6.0.19041.1110_none_60b5254171f9507e\COMCTL32.dll
0x00007ffd41c30000 - 0x00007ffd41cce000 	C:\WINDOWS\System32\msvcrt.dll
0x00007ffd41910000 - 0x00007ffd41940000 	C:\WINDOWS\System32\IMM32.DLL
0x00007ffd3c270000 - 0x00007ffd3c27c000 	C:\Users\danie\.p2\pool\plugins\org.eclipse.justj.openjdk.hotspot.jre.full.win32.x86_64_15.0.2.v20210201-0955\jre\bin\vcruntime140_1.dll
0x00007ffd2af30000 - 0x00007ffd2afc1000 	C:\Users\danie\.p2\pool\plugins\org.eclipse.justj.openjdk.hotspot.jre.full.win32.x86_64_15.0.2.v20210201-0955\jre\bin\msvcp140.dll
0x00007ffd159f0000 - 0x00007ffd1654e000 	C:\Users\danie\.p2\pool\plugins\org.eclipse.justj.openjdk.hotspot.jre.full.win32.x86_64_15.0.2.v20210201-0955\jre\bin\server\jvm.dll
0x00007ffd435c0000 - 0x00007ffd4366c000 	C:\WINDOWS\System32\ADVAPI32.dll
0x00007ffd422a0000 - 0x00007ffd4233b000 	C:\WINDOWS\System32\sechost.dll
0x00007ffd42040000 - 0x00007ffd4216a000 	C:\WINDOWS\System32\RPCRT4.dll
0x00007ffd41900000 - 0x00007ffd41908000 	C:\WINDOWS\System32\PSAPI.DLL
0x00007ffd3a880000 - 0x00007ffd3a88a000 	C:\WINDOWS\SYSTEM32\VERSION.dll
0x00007ffd3c4d0000 - 0x00007ffd3c4d9000 	C:\WINDOWS\SYSTEM32\WSOCK32.dll
0x00007ffd41fd0000 - 0x00007ffd4203b000 	C:\WINDOWS\System32\WS2_32.dll
0x00007ffd3a850000 - 0x00007ffd3a877000 	C:\WINDOWS\SYSTEM32\WINMM.dll
0x00007ffd3ed60000 - 0x00007ffd3ed72000 	C:\WINDOWS\SYSTEM32\kernel.appcore.dll
0x00007ffd3b060000 - 0x00007ffd3b06a000 	C:\Users\danie\.p2\pool\plugins\org.eclipse.justj.openjdk.hotspot.jre.full.win32.x86_64_15.0.2.v20210201-0955\jre\bin\jimage.dll
0x00007ffd2d8b0000 - 0x00007ffd2da94000 	C:\WINDOWS\SYSTEM32\DBGHELP.DLL
0x00007ffd2e980000 - 0x00007ffd2e9ac000 	C:\WINDOWS\SYSTEM32\dbgcore.DLL
0x00007ffd41060000 - 0x00007ffd410e3000 	C:\WINDOWS\System32\bcryptPrimitives.dll
0x00007ffd37630000 - 0x00007ffd37655000 	C:\Users\danie\.p2\pool\plugins\org.eclipse.justj.openjdk.hotspot.jre.full.win32.x86_64_15.0.2.v20210201-0955\jre\bin\java.dll

dbghelp: loaded successfully - version: 4.0.5 - missing functions: none
symbol engine: initialized successfully - sym options: 0x614 - pdb path: .;C:\Users\danie\.p2\pool\plugins\org.eclipse.justj.openjdk.hotspot.jre.full.win32.x86_64_15.0.2.v20210201-0955\jre\bin;C:\WINDOWS\SYSTEM32;C:\WINDOWS\WinSxS\amd64_microsoft.windows.common-controls_6595b64144ccf1df_6.0.19041.1110_none_60b5254171f9507e;C:\Users\danie\.p2\pool\plugins\org.eclipse.justj.openjdk.hotspot.jre.full.win32.x86_64_15.0.2.v20210201-0955\jre\bin\server

VM Arguments:
jvm_args: -Xmx7g -Xms7g -Dfile.encoding=Cp1252 -XX:+ShowCodeDetailsInExceptionMessages 
java_command: peersim.Simulator example\PGC.cfg
java_class_path (initial): C:\Users\danie\eclipse-workspace\PGC\Chord\bin;C:\Users\danie\eclipse-workspace\PGC\Chord\lib\djep-1.0.0.jar;C:\Users\danie\eclipse-workspace\PGC\Chord\lib\jep-2.3.0.jar;C:\Users\danie\eclipse-workspace\PGC\Chord\lib\peersim-1.0.5.jar
Launcher Type: SUN_STANDARD

[Global flags]
     intx CICompilerCount                          = 3                                         {product} {ergonomic}
     uint ConcGCThreads                            = 1                                         {product} {ergonomic}
     uint G1ConcRefinementThreads                  = 4                                         {product} {ergonomic}
   size_t G1HeapRegionSize                         = 4194304                                   {product} {ergonomic}
    uintx GCDrainStackTargetSize                   = 64                                        {product} {ergonomic}
   size_t InitialHeapSize                          = 7516192768                                {product} {command line}
   size_t MarkStackSize                            = 4194304                                   {product} {ergonomic}
   size_t MaxHeapSize                              = 7516192768                                {product} {command line}
   size_t MinHeapDeltaBytes                        = 4194304                                   {product} {ergonomic}
   size_t MinHeapSize                              = 7516192768                                {product} {command line}
    uintx NonNMethodCodeHeapSize                   = 5832780                                {pd product} {ergonomic}
    uintx NonProfiledCodeHeapSize                  = 122912730                              {pd product} {ergonomic}
    uintx ProfiledCodeHeapSize                     = 122912730                              {pd product} {ergonomic}
    uintx ReservedCodeCacheSize                    = 251658240                              {pd product} {ergonomic}
     bool SegmentedCodeCache                       = true                                      {product} {ergonomic}
     bool ShowCodeDetailsInExceptionMessages       = true                                   {manageable} {command line}
   size_t SoftMaxHeapSize                          = 7516192768                             {manageable} {ergonomic}
     bool UseCompressedClassPointers               = true                                 {lp64_product} {ergonomic}
     bool UseCompressedOops                        = true                                 {lp64_product} {ergonomic}
     bool UseG1GC                                  = true                                      {product} {ergonomic}
     bool UseLargePagesIndividualAllocation        = false                                  {pd product} {ergonomic}

Logging:
Log output configuration:
 #0: stdout all=warning uptime,level,tags
 #1: stderr all=off uptime,level,tags

Environment Variables:
PATH=C:/Users/danie/.p2/pool/plugins/org.eclipse.justj.openjdk.hotspot.jre.full.win32.x86_64_15.0.2.v20210201-0955/jre/bin/server;C:/Users/danie/.p2/pool/plugins/org.eclipse.justj.openjdk.hotspot.jre.full.win32.x86_64_15.0.2.v20210201-0955/jre/bin;C:\Program Files\Java\jre1.8.0_281\bin;C:\WINDOWS\system32;C:\WINDOWS;C:\WINDOWS\System32\Wbem;C:\WINDOWS\System32\WindowsPowerShell\v1.0\;C:\WINDOWS\System32\OpenSSH\;C:\MinGW\bin;C:\Program Files\Git\cmd;C:\Users\danie\AppData\Local\Programs\Python\Python39\Scripts\;C:\Users\danie\AppData\Local\Programs\Python\Python39\;C:\Users\danie\AppData\Local\Microsoft\WindowsApps;;C:\Users\danie\Desktop;
USERNAME=danie
OS=Windows_NT
PROCESSOR_IDENTIFIER=Intel64 Family 6 Model 69 Stepping 1, GenuineIntel



---------------  S Y S T E M  ---------------

OS:
 Windows 10 , 64 bit Build 19041 (10.0.19041.1023)
OS uptime: 1 days 23:25 hours

CPU: total 4 (initial active 4) (2 cores per cpu, 2 threads per core) family 6 model 69 stepping 1 microcode 0x25, cmov, cx8, fxsr, mmx, sse, sse2, sse3, ssse3, sse4.1, sse4.2, popcnt, vzeroupper, avx, avx2, aes, clmul, erms, lzcnt, ht, tsc, tscinvbit, bmi1, bmi2, fma, clflush

Memory: 4k page, system-wide physical 8096M (5075M free)
TotalPageFile size 10171M (AvailPageFile size 7173M)
current process WorkingSet (physical memory assigned to process): 10M, peak: 10M
current process commit charge ("private bytes"): 51M, peak: 7233M

vm_info: OpenJDK 64-Bit Server VM (15.0.2+7-27) for windows-amd64 JRE (15.0.2+7-27), built on Dec  7 2020 20:02:38 by "mach5one" with unknown MS VC++:1925

END.
